2024-03-10 23:19:11,592 INFO o.h.v.i.u.Version [background-preinit] HV000001: Hibernate Validator 6.2.0.Final
2024-03-10 23:19:11,826 INFO o.s.b.StartupInfoLogger [main] Starting CityThrillsMoroccoApplication v0.0.1-SNAPSHOT using Java 20.0.2 on DESKTOP-6EU5B5M with PID 23472 (C:\Users\hp\Downloads\CityThrillsMorocco\target\CityThrillsMorocco-0.0.1-SNAPSHOT.jar started by hp in C:\Users\hp\Downloads\CityThrillsMorocco)
2024-03-10 23:19:11,844 INFO o.s.b.SpringApplication [main] No active profile set, falling back to default profiles: default
2024-03-10 23:19:14,356 INFO o.s.d.r.c.RepositoryConfigurationDelegate [main] Multiple Spring Data modules found, entering strict repository configuration mode!
2024-03-10 23:19:14,370 INFO o.s.d.r.c.RepositoryConfigurationDelegate [main] Bootstrapping Spring Data JPA repositories in DEFAULT mode.
2024-03-10 23:19:14,709 INFO o.s.d.r.c.RepositoryConfigurationDelegate [main] Finished Spring Data repository scanning in 313 ms. Found 3 JPA repository interfaces.
2024-03-10 23:19:14,746 INFO o.s.d.r.c.RepositoryConfigurationDelegate [main] Multiple Spring Data modules found, entering strict repository configuration mode!
2024-03-10 23:19:14,750 INFO o.s.d.r.c.RepositoryConfigurationDelegate [main] Bootstrapping Spring Data Redis repositories in DEFAULT mode.
2024-03-10 23:19:14,784 INFO o.s.d.r.c.RepositoryConfigurationExtensionSupport [main] Spring Data Redis - Could not safely identify store assignment for repository candidate interface com.CityThrillsMorocco.antiHero.repository.AntiHeroRepository. If you want this repository to be a Redis repository, consider annotating your entities with one of these annotations: org.springframework.data.redis.core.RedisHash (preferred), or consider extending one of the following types with your repository: org.springframework.data.keyvalue.repository.KeyValueRepository.
2024-03-10 23:19:14,786 INFO o.s.d.r.c.RepositoryConfigurationExtensionSupport [main] Spring Data Redis - Could not safely identify store assignment for repository candidate interface com.CityThrillsMorocco.Client.Repository.ClientRepository. If you want this repository to be a Redis repository, consider annotating your entities with one of these annotations: org.springframework.data.redis.core.RedisHash (preferred), or consider extending one of the following types with your repository: org.springframework.data.keyvalue.repository.KeyValueRepository.
2024-03-10 23:19:14,788 INFO o.s.d.r.c.RepositoryConfigurationExtensionSupport [main] Spring Data Redis - Could not safely identify store assignment for repository candidate interface com.CityThrillsMorocco.user.repository.UserRepository. If you want this repository to be a Redis repository, consider annotating your entities with one of these annotations: org.springframework.data.redis.core.RedisHash (preferred), or consider extending one of the following types with your repository: org.springframework.data.keyvalue.repository.KeyValueRepository.
2024-03-10 23:19:14,789 INFO o.s.d.r.c.RepositoryConfigurationDelegate [main] Finished Spring Data repository scanning in 14 ms. Found 0 Redis repository interfaces.
2024-03-10 23:19:16,965 INFO o.s.b.w.e.t.TomcatWebServer [main] Tomcat initialized with port(s): 8080 (http)
2024-03-10 23:19:16,986 INFO o.a.j.l.DirectJDKLog [main] Initializing ProtocolHandler ["http-nio-8080"]
2024-03-10 23:19:16,988 INFO o.a.j.l.DirectJDKLog [main] Starting service [Tomcat]
2024-03-10 23:19:16,989 INFO o.a.j.l.DirectJDKLog [main] Starting Servlet engine: [Apache Tomcat/9.0.56]
2024-03-10 23:19:17,113 INFO o.a.j.l.DirectJDKLog [main] Initializing Spring embedded WebApplicationContext
2024-03-10 23:19:17,114 INFO o.s.b.w.s.c.ServletWebServerApplicationContext [main] Root WebApplicationContext: initialization completed in 5136 ms
2024-03-10 23:19:17,616 INFO o.h.j.i.u.LogHelper [main] HHH000204: Processing PersistenceUnitInfo [name: default]
2024-03-10 23:19:17,845 INFO o.h.Version [main] HHH000412: Hibernate ORM core version 5.6.3.Final
2024-03-10 23:19:18,201 INFO o.h.a.c.r.j.JavaReflectionManager [main] HCANN000001: Hibernate Commons Annotations {5.1.2.Final}
2024-03-10 23:19:18,406 INFO c.z.h.HikariDataSource [main] HikariPool-1 - Starting...
2024-03-10 23:19:21,920 INFO c.z.h.HikariDataSource [main] HikariPool-1 - Start completed.
2024-03-10 23:19:21,990 INFO o.h.d.Dialect [main] HHH000400: Using dialect: org.hibernate.dialect.MySQL8Dialect
2024-03-10 23:19:26,733 INFO o.h.e.t.j.p.i.JtaPlatformInitiator [main] HHH000490: Using JtaPlatform implementation: [org.hibernate.engine.transaction.jta.platform.internal.NoJtaPlatform]
2024-03-10 23:19:26,752 INFO o.s.o.j.AbstractEntityManagerFactoryBean [main] Initialized JPA EntityManagerFactory for persistence unit 'default'
2024-03-10 23:19:28,450 WARN o.s.b.a.o.j.JpaBaseConfiguration$JpaWebConfiguration [main] spring.jpa.open-in-view is enabled by default. Therefore, database queries may be performed during view rendering. Explicitly configure spring.jpa.open-in-view to disable this warning
2024-03-10 23:19:31,845 INFO o.s.s.w.DefaultSecurityFilterChain [main] Will secure Ant [pattern='/**'] with [org.springframework.security.web.context.request.async.WebAsyncManagerIntegrationFilter@65cc5252, org.springframework.security.web.context.SecurityContextPersistenceFilter@50ec4bfc, org.springframework.security.web.header.HeaderWriterFilter@11f23038, org.springframework.security.web.authentication.logout.LogoutFilter@27a9f025, com.CityThrillsMorocco.jwt.filters.JwtRequestFilter@276cc8dc, org.springframework.security.web.savedrequest.RequestCacheAwareFilter@285a4fe3, org.springframework.security.web.servletapi.SecurityContextHolderAwareRequestFilter@16d431b4, org.springframework.security.web.authentication.AnonymousAuthenticationFilter@42c12b3e, org.springframework.security.web.session.SessionManagementFilter@28be7fec, org.springframework.security.web.access.ExceptionTranslationFilter@14de1901, org.springframework.security.web.access.intercept.FilterSecurityInterceptor@48d739f]
2024-03-10 23:19:31,940 INFO o.a.j.l.DirectJDKLog [main] Starting ProtocolHandler ["http-nio-8080"]
2024-03-10 23:19:31,991 INFO o.s.b.w.e.t.TomcatWebServer [main] Tomcat started on port(s): 8080 (http) with context path ''
2024-03-10 23:19:32,015 INFO o.s.b.StartupInfoLogger [main] Started CityThrillsMoroccoApplication in 21.622 seconds (JVM running for 24.167)
